[08:32:47] === RUN A ===
[08:32:48] Run run_a_5247: stages=34 fp= file_hash=9ea32a419c40
[08:32:48] === RUN B ===
[08:32:49] Run run_b_5247: stages=34 fp= file_hash=6fc8a29e58f7
[08:32:49] === COMPARISON ===
[08:32:49] [OK]    FINGERPRINT: MATCH ()
[08:33:20] === RUN A ===
[08:33:21] Run run_a_6036: stages=34 fp= file_hash=2b9cedb4a728
[08:33:21] === RUN B ===
[08:33:22] Run run_b_6036: stages=34 fp= file_hash=f1a6983f19b9
[08:33:22] === COMPARISON ===
[08:33:22] [OK]    FINGERPRINT: MATCH ()
[08:33:49] === RUN A ===
[08:33:50] Run run_a: stages=34 fp= file_hash=9c0b69b3a49a
[08:33:50] === RUN B ===
[08:33:50] Run run_b: stages=34 fp= file_hash=a2179b943176
[08:33:50] === COMPARISON ===
[08:33:51] [OK]    FINGERPRINT: MATCH ()
[08:39:09] === RUN A ===
[08:39:10] Run run_a: stages=34 fp= file_hash=5dc22a2c149e
[08:39:10] === RUN B ===
[08:39:11] Run run_b: stages=34 fp= file_hash=44dc29dbbf64
[08:39:11] === COMPARISON ===
[08:39:11] [OK]    EVENT_STREAM: MATCH (89cf7185e5cd0bca0ceac9cb791e9c621536ac5e6db3d2cbee3e783897f3a48c)
[08:39:11] [OK]    FINGERPRINT: MATCH ()
[08:40:36] === RUN A ===
[08:40:37] Run run_a: stages=34 fp= file_hash=74fa8a2c7e54
[08:40:37] === RUN B ===
[08:40:38] Run run_b: stages=34 fp= file_hash=0ef079e75330
[08:40:38] === COMPARISON ===
[08:40:38] [OK]    EVENT_STREAM: MATCH (89cf7185e5cd0bca0ceac9cb791e9c621536ac5e6db3d2cbee3e783897f3a48c)
[08:40:38] [OK]    FINGERPRINT: MATCH ()
[08:40:50] === RUN A ===
[08:40:50] Run run_a: canonical_hash=53a75ce8c440
[08:40:50] === RUN B ===
[08:40:50] Run run_b: canonical_hash=53a75ce8c440
[08:40:50] === COMPARISON ===
[08:40:50] [OK]    SYSCALL_TRACE: MATCH (ae47e68e869ac5cf1ea9d8912cfe0500f7982795d302b9fbf71db1b4a5afb5bc)
[08:40:50] [OK]    EVENT_STREAM: MATCH (53a75ce8c440b1ec3f4041079533bb091e400ed83ebbe54c9bfeda6bee97d5ec)
[08:40:50] [OK]    FILESYSTEM_DIFF: MATCH (53a75ce8c440b1ec3f4041079533bb091e400ed83ebbe54c9bfeda6bee97d5ec)
[08:40:50] [OK]    FINGERPRINT: MATCH (53a75ce8c440b1ec3f4041079533bb091e400ed83ebbe54c9bfeda6bee97d5ec)
[08:40:50] [OK]    EXECUTION_ORDER: MATCH (ae47e68e869ac5cf1ea9d8912cfe0500f7982795d302b9fbf71db1b4a5afb5bc)
[08:41:04] === RUN A ===
[08:41:04] Run run_a: canonical_hash=53a75ce8c440
[08:41:04] === RUN B ===
[08:41:04] Run run_b: canonical_hash=53a75ce8c440
[08:41:04] === COMPARISON ===
[08:41:04] [OK]    SYSCALL_TRACE: MATCH (ae47e68e869ac5cf1ea9d8912cfe0500f7982795d302b9fbf71db1b4a5afb5bc)
[08:41:04] [OK]    EVENT_STREAM: MATCH (53a75ce8c440b1ec3f4041079533bb091e400ed83ebbe54c9bfeda6bee97d5ec)
[08:41:04] [OK]    FILESYSTEM_DIFF: MATCH (53a75ce8c440b1ec3f4041079533bb091e400ed83ebbe54c9bfeda6bee97d5ec)
[08:41:04] [OK]    FINGERPRINT: MATCH (53a75ce8c440b1ec3f4041079533bb091e400ed83ebbe54c9bfeda6bee97d5ec)
[08:41:04] [OK]    EXECUTION_ORDER: MATCH (ae47e68e869ac5cf1ea9d8912cfe0500f7982795d302b9fbf71db1b4a5afb5bc)
[08:41:13] === RUN A ===
[08:41:13] Run run_a: canonical_hash=53a75ce8c440
[08:41:13] === RUN B ===
[08:41:13] Run run_b: canonical_hash=53a75ce8c440
[08:41:13] === COMPARISON ===
[08:41:13] [OK]    SYSCALL_TRACE: MATCH (ae47e68e869ac5cf1ea9d8912cfe0500f7982795d302b9fbf71db1b4a5afb5bc)
[08:41:13] [OK]    EVENT_STREAM: MATCH (53a75ce8c440b1ec3f4041079533bb091e400ed83ebbe54c9bfeda6bee97d5ec)
[08:41:13] [OK]    FILESYSTEM_DIFF: MATCH (53a75ce8c440b1ec3f4041079533bb091e400ed83ebbe54c9bfeda6bee97d5ec)
[08:41:13] [OK]    FINGERPRINT: MATCH (53a75ce8c440b1ec3f4041079533bb091e400ed83ebbe54c9bfeda6bee97d5ec)
[08:41:13] [OK]    EXECUTION_ORDER: MATCH (ae47e68e869ac5cf1ea9d8912cfe0500f7982795d302b9fbf71db1b4a5afb5bc)
[08:41:40] === RUN A ===
[08:41:41] Run run_a: canonical_hash=53a75ce8c440
[08:41:41] === RUN B ===
[08:41:41] Run run_b: canonical_hash=53a75ce8c440
[08:41:41] === COMPARISON ===
[08:41:41] [OK]    SYSCALL_TRACE: MATCH (ae47e68e869ac5cf1ea9d8912cfe0500f7982795d302b9fbf71db1b4a5afb5bc)
[08:41:41] [OK]    EVENT_STREAM: MATCH (53a75ce8c440b1ec3f4041079533bb091e400ed83ebbe54c9bfeda6bee97d5ec)
[08:41:41] [OK]    FILESYSTEM_DIFF: MATCH (53a75ce8c440b1ec3f4041079533bb091e400ed83ebbe54c9bfeda6bee97d5ec)
[08:41:41] [OK]    FINGERPRINT: MATCH (53a75ce8c440b1ec3f4041079533bb091e400ed83ebbe54c9bfeda6bee97d5ec)
[08:41:41] [OK]    EXECUTION_ORDER: MATCH (ae47e68e869ac5cf1ea9d8912cfe0500f7982795d302b9fbf71db1b4a5afb5bc)
[08:41:44] === RUN A ===
[08:41:44] Run run_a: canonical_hash=53a75ce8c440
[08:41:44] === RUN B ===
[08:41:44] Run run_b: canonical_hash=53a75ce8c440
[08:41:44] === COMPARISON ===
[08:41:44] [OK]    SYSCALL_TRACE: MATCH (ae47e68e869ac5cf1ea9d8912cfe0500f7982795d302b9fbf71db1b4a5afb5bc)
[08:41:44] [OK]    EVENT_STREAM: MATCH (53a75ce8c440b1ec3f4041079533bb091e400ed83ebbe54c9bfeda6bee97d5ec)
[08:41:44] [OK]    FILESYSTEM_DIFF: MATCH (53a75ce8c440b1ec3f4041079533bb091e400ed83ebbe54c9bfeda6bee97d5ec)
[08:41:45] [OK]    FINGERPRINT: MATCH (53a75ce8c440b1ec3f4041079533bb091e400ed83ebbe54c9bfeda6bee97d5ec)
[08:41:45] [OK]    EXECUTION_ORDER: MATCH (ae47e68e869ac5cf1ea9d8912cfe0500f7982795d302b9fbf71db1b4a5afb5bc)
[08:42:24] === RUN A ===
[08:42:24] Run run_a: canonical_hash=53a75ce8c440
[08:42:24] === RUN B ===
[08:42:24] Run run_b: canonical_hash=53a75ce8c440
[08:42:24] === COMPARISON ===
[08:42:24] [OK]    SYSCALL_TRACE: MATCH (ae47e68e869ac5cf1ea9d8912cfe0500f7982795d302b9fbf71db1b4a5afb5bc)
[08:42:24] [OK]    EVENT_STREAM: MATCH (53a75ce8c440b1ec3f4041079533bb091e400ed83ebbe54c9bfeda6bee97d5ec)
[08:42:24] [OK]    FILESYSTEM_DIFF: MATCH (53a75ce8c440b1ec3f4041079533bb091e400ed83ebbe54c9bfeda6bee97d5ec)
[08:42:24] [OK]    FINGERPRINT: MATCH (53a75ce8c440b1ec3f4041079533bb091e400ed83ebbe54c9bfeda6bee97d5ec)
[08:42:24] [OK]    EXECUTION_ORDER: MATCH (ae47e68e869ac5cf1ea9d8912cfe0500f7982795d302b9fbf71db1b4a5afb5bc)
[08:42:40] === RUN A ===
[08:42:40] Run run_a: canonical_hash=53a75ce8c440
[08:42:40] === RUN B ===
[08:42:40] Run run_b: canonical_hash=53a75ce8c440
[08:42:40] === COMPARISON ===
[08:42:40] [OK]    SYSCALL_TRACE: MATCH (ae47e68e869ac5cf1ea9d8912cfe0500f7982795d302b9fbf71db1b4a5afb5bc)
[08:42:40] [OK]    EVENT_STREAM: MATCH (53a75ce8c440b1ec3f4041079533bb091e400ed83ebbe54c9bfeda6bee97d5ec)
[08:42:40] [OK]    FILESYSTEM_DIFF: MATCH (53a75ce8c440b1ec3f4041079533bb091e400ed83ebbe54c9bfeda6bee97d5ec)
[08:42:40] [OK]    FINGERPRINT: MATCH (53a75ce8c440b1ec3f4041079533bb091e400ed83ebbe54c9bfeda6bee97d5ec)
[08:42:40] [OK]    EXECUTION_ORDER: MATCH (ae47e68e869ac5cf1ea9d8912cfe0500f7982795d302b9fbf71db1b4a5afb5bc)
[08:42:41] === RUN A ===
[08:42:41] Run run_a: canonical_hash=53a75ce8c440
[08:42:41] === RUN B ===
[08:42:41] Run run_b: canonical_hash=53a75ce8c440
[08:42:41] === COMPARISON ===
[08:42:41] [OK]    SYSCALL_TRACE: MATCH (ae47e68e869ac5cf1ea9d8912cfe0500f7982795d302b9fbf71db1b4a5afb5bc)
[08:42:41] [OK]    EVENT_STREAM: MATCH (53a75ce8c440b1ec3f4041079533bb091e400ed83ebbe54c9bfeda6bee97d5ec)
[08:42:41] [OK]    FILESYSTEM_DIFF: MATCH (53a75ce8c440b1ec3f4041079533bb091e400ed83ebbe54c9bfeda6bee97d5ec)
[08:42:41] [OK]    FINGERPRINT: MATCH (53a75ce8c440b1ec3f4041079533bb091e400ed83ebbe54c9bfeda6bee97d5ec)
[08:42:41] [OK]    EXECUTION_ORDER: MATCH (ae47e68e869ac5cf1ea9d8912cfe0500f7982795d302b9fbf71db1b4a5afb5bc)
[08:47:46] === RUN A ===
[08:47:46] Run run_a: canonical_hash=53a75ce8c440
[08:47:46] === RUN B ===
[08:47:46] Run run_b: canonical_hash=53a75ce8c440
[08:47:46] === COMPARISON ===
[08:47:46] [OK]    SYSCALL_TRACE: MATCH (ae47e68e869ac5cf1ea9d8912cfe0500f7982795d302b9fbf71db1b4a5afb5bc)
[08:47:46] [OK]    EVENT_STREAM: MATCH (53a75ce8c440b1ec3f4041079533bb091e400ed83ebbe54c9bfeda6bee97d5ec)
[08:47:46] [OK]    FILESYSTEM_DIFF: MATCH (53a75ce8c440b1ec3f4041079533bb091e400ed83ebbe54c9bfeda6bee97d5ec)
[08:47:46] [OK]    FINGERPRINT: MATCH (53a75ce8c440b1ec3f4041079533bb091e400ed83ebbe54c9bfeda6bee97d5ec)
[08:47:46] [OK]    EXECUTION_ORDER: MATCH (ae47e68e869ac5cf1ea9d8912cfe0500f7982795d302b9fbf71db1b4a5afb5bc)
[09:08:31] === RUN A ===
[09:08:31] Run run_a: canonical_hash=53a75ce8c440
[09:08:31] === RUN B ===
[09:08:31] Run run_b: canonical_hash=53a75ce8c440
[09:08:31] === COMPARISON ===
[09:08:31] [OK]    SYSCALL_TRACE: MATCH (ae47e68e869ac5cf1ea9d8912cfe0500f7982795d302b9fbf71db1b4a5afb5bc)
[09:08:31] [OK]    EVENT_STREAM: MATCH (53a75ce8c440b1ec3f4041079533bb091e400ed83ebbe54c9bfeda6bee97d5ec)
[09:08:31] [OK]    FILESYSTEM_DIFF: MATCH (53a75ce8c440b1ec3f4041079533bb091e400ed83ebbe54c9bfeda6bee97d5ec)
[09:08:31] [OK]    FINGERPRINT: MATCH (53a75ce8c440b1ec3f4041079533bb091e400ed83ebbe54c9bfeda6bee97d5ec)
[09:08:31] [OK]    EXECUTION_ORDER: MATCH (ae47e68e869ac5cf1ea9d8912cfe0500f7982795d302b9fbf71db1b4a5afb5bc)
