Security (Bandit + Docker)	Run ./.github/workflows/python-setup.yml	﻿2026-06-28T05:42:03.0648459Z ##[error]Can't find 'action.yml', 'action.yaml' or 'Dockerfile' under '/home/runner/work/astrofin-sentinel-platform/astrofin-sentinel-platform/.github/workflows/python-setup.yml'. Did you forget to run actions/checkout before running your local action?
Dependency Vulnerability Scan (pip-audit + safety)	pip-audit (requirements + requirements-dev)	﻿2026-06-28T05:42:06.9010459Z ##[group]Run set +e
Dependency Vulnerability Scan (pip-audit + safety)	pip-audit (requirements + requirements-dev)	2026-06-28T05:42:06.9010746Z [36;1mset +e[0m
Dependency Vulnerability Scan (pip-audit + safety)	pip-audit (requirements + requirements-dev)	2026-06-28T05:42:06.9011224Z [36;1mpip-audit -r requirements.txt -f json --disable-pip > /tmp/pip-audit.json 2>/tmp/pip-audit.err[0m
Dependency Vulnerability Scan (pip-audit + safety)	pip-audit (requirements + requirements-dev)	2026-06-28T05:42:06.9011684Z [36;1mrc=$?[0m
Dependency Vulnerability Scan (pip-audit + safety)	pip-audit (requirements + requirements-dev)	2026-06-28T05:42:06.9011916Z [36;1mcat /tmp/pip-audit.err[0m
Dependency Vulnerability Scan (pip-audit + safety)	pip-audit (requirements + requirements-dev)	2026-06-28T05:42:06.9012555Z [36;1mpython -c "import json,sys; d=json.load(open('/tmp/pip-audit.json')); d=[x for x in d if x.get('vulns')]; open('/tmp/pip-audit.final.json','w').write(json.dumps(d,indent=2))"[0m
Dependency Vulnerability Scan (pip-audit + safety)	pip-audit (requirements + requirements-dev)	2026-06-28T05:42:06.9013261Z [36;1mif [ "$rc" -ne 0 ] || [ -s /tmp/pip-audit.final.json ]; then[0m
Dependency Vulnerability Scan (pip-audit + safety)	pip-audit (requirements + requirements-dev)	2026-06-28T05:42:06.9013654Z [36;1m  echo "::error::pip-audit reported vulnerabilities"[0m
Dependency Vulnerability Scan (pip-audit + safety)	pip-audit (requirements + requirements-dev)	2026-06-28T05:42:06.9013999Z [36;1m  cat /tmp/pip-audit.final.json[0m
Dependency Vulnerability Scan (pip-audit + safety)	pip-audit (requirements + requirements-dev)	2026-06-28T05:42:06.9014252Z [36;1m  exit 1[0m
Dependency Vulnerability Scan (pip-audit + safety)	pip-audit (requirements + requirements-dev)	2026-06-28T05:42:06.9014443Z [36;1mfi[0m
Dependency Vulnerability Scan (pip-audit + safety)	pip-audit (requirements + requirements-dev)	2026-06-28T05:42:06.9036036Z shell: /usr/bin/bash -e {0}
Dependency Vulnerability Scan (pip-audit + safety)	pip-audit (requirements + requirements-dev)	2026-06-28T05:42:06.9036310Z env:
Dependency Vulnerability Scan (pip-audit + safety)	pip-audit (requirements + requirements-dev)	2026-06-28T05:42:06.9036523Z   PYTHON_VERSION: 3.12
Dependency Vulnerability Scan (pip-audit + safety)	pip-audit (requirements + requirements-dev)	2026-06-28T05:42:06.9036873Z   pythonLocation: /opt/hostedtoolcache/Python/3.12.13/x64
Dependency Vulnerability Scan (pip-audit + safety)	pip-audit (requirements + requirements-dev)	2026-06-28T05:42:06.9037287Z   PKG_CONFIG_PATH: /opt/hostedtoolcache/Python/3.12.13/x64/lib/pkgconfig
Dependency Vulnerability Scan (pip-audit + safety)	pip-audit (requirements + requirements-dev)	2026-06-28T05:42:06.9037691Z   Python_ROOT_DIR: /opt/hostedtoolcache/Python/3.12.13/x64
Dependency Vulnerability Scan (pip-audit + safety)	pip-audit (requirements + requirements-dev)	2026-06-28T05:42:06.9038068Z   Python2_ROOT_DIR: /opt/hostedtoolcache/Python/3.12.13/x64
Dependency Vulnerability Scan (pip-audit + safety)	pip-audit (requirements + requirements-dev)	2026-06-28T05:42:06.9038541Z   Python3_ROOT_DIR: /opt/hostedtoolcache/Python/3.12.13/x64
Dependency Vulnerability Scan (pip-audit + safety)	pip-audit (requirements + requirements-dev)	2026-06-28T05:42:06.9038909Z   LD_LIBRARY_PATH: /opt/hostedtoolcache/Python/3.12.13/x64/lib
Dependency Vulnerability Scan (pip-audit + safety)	pip-audit (requirements + requirements-dev)	2026-06-28T05:42:06.9039217Z ##[endgroup]
Dependency Vulnerability Scan (pip-audit + safety)	pip-audit (requirements + requirements-dev)	2026-06-28T05:42:07.6659035Z ERROR:pip_audit._cli:the --disable-pip flag can only be used with a hashed requirements files or if the --no-deps flag has been provided
Dependency Vulnerability Scan (pip-audit + safety)	pip-audit (requirements + requirements-dev)	2026-06-28T05:42:07.6816615Z Traceback (most recent call last):
Dependency Vulnerability Scan (pip-audit + safety)	pip-audit (requirements + requirements-dev)	2026-06-28T05:42:07.6824141Z   File "<string>", line 1, in <module>
Dependency Vulnerability Scan (pip-audit + safety)	pip-audit (requirements + requirements-dev)	2026-06-28T05:42:07.6824979Z   File "/opt/hostedtoolcache/Python/3.12.13/x64/lib/python3.12/json/__init__.py", line 293, in load
Dependency Vulnerability Scan (pip-audit + safety)	pip-audit (requirements + requirements-dev)	2026-06-28T05:42:07.6997421Z     return loads(fp.read(),
Dependency Vulnerability Scan (pip-audit + safety)	pip-audit (requirements + requirements-dev)	2026-06-28T05:42:07.6997949Z            ^^^^^^^^^^^^^^^^
Dependency Vulnerability Scan (pip-audit + safety)	pip-audit (requirements + requirements-dev)	2026-06-28T05:42:07.6999167Z   File "/opt/hostedtoolcache/Python/3.12.13/x64/lib/python3.12/json/__init__.py", line 346, in loads
Dependency Vulnerability Scan (pip-audit + safety)	pip-audit (requirements + requirements-dev)	2026-06-28T05:42:07.7000111Z     return _default_decoder.decode(s)
Dependency Vulnerability Scan (pip-audit + safety)	pip-audit (requirements + requirements-dev)	2026-06-28T05:42:07.7000626Z            ^^^^^^^^^^^^^^^^^^^^^^^^^^
Dependency Vulnerability Scan (pip-audit + safety)	pip-audit (requirements + requirements-dev)	2026-06-28T05:42:07.7001321Z   File "/opt/hostedtoolcache/Python/3.12.13/x64/lib/python3.12/json/decoder.py", line 338, in decode
Dependency Vulnerability Scan (pip-audit + safety)	pip-audit (requirements + requirements-dev)	2026-06-28T05:42:07.7003679Z     obj, end = self.raw_decode(s, idx=_w(s, 0).end())
Dependency Vulnerability Scan (pip-audit + safety)	pip-audit (requirements + requirements-dev)	2026-06-28T05:42:07.7004266Z                ^^^^^^^^^^^^^^^^^^^^^^^^^^^^^^^^^^^^^^
Dependency Vulnerability Scan (pip-audit + safety)	pip-audit (requirements + requirements-dev)	2026-06-28T05:42:07.7005390Z   File "/opt/hostedtoolcache/Python/3.12.13/x64/lib/python3.12/json/decoder.py", line 356, in raw_decode
Dependency Vulnerability Scan (pip-audit + safety)	pip-audit (requirements + requirements-dev)	2026-06-28T05:42:07.7006815Z     raise JSONDecodeError("Expecting value", s, err.value) from None
Dependency Vulnerability Scan (pip-audit + safety)	pip-audit (requirements + requirements-dev)	2026-06-28T05:42:07.7008145Z json.decoder.JSONDecodeError: Expecting value: line 1 column 1 (char 0)
Dependency Vulnerability Scan (pip-audit + safety)	pip-audit (requirements + requirements-dev)	2026-06-28T05:42:07.7065106Z ##[error]pip-audit reported vulnerabilities
Dependency Vulnerability Scan (pip-audit + safety)	pip-audit (requirements + requirements-dev)	2026-06-28T05:42:07.7072642Z cat: /tmp/pip-audit.final.json: No such file or directory
Dependency Vulnerability Scan (pip-audit + safety)	pip-audit (requirements + requirements-dev)	2026-06-28T05:42:07.7074815Z ##[error]Process completed with exit code 1.
Code Quality (Ruff + mypy)	Run ./.github/workflows/python-setup.yml	﻿2026-06-28T05:42:02.1454175Z ##[error]Can't find 'action.yml', 'action.yaml' or 'Dockerfile' under '/home/runner/work/astrofin-sentinel-platform/astrofin-sentinel-platform/.github/workflows/python-setup.yml'. Did you forget to run actions/checkout before running your local action?
Tests + Coverage	Run ./.github/workflows/python-setup.yml	﻿2026-06-28T05:42:04.6002626Z ##[error]Can't find 'action.yml', 'action.yaml' or 'Dockerfile' under '/home/runner/work/astrofin-sentinel-platform/astrofin-sentinel-platform/.github/workflows/python-setup.yml'. Did you forget to run actions/checkout before running your local action?
