[09:53:28] [WARN] docker not found (optional)
[09:53:28] [WARN] nvidia-smi not found (optional)
[09:53:28] [OK]  DRY-RUN MODE — no changes will be made
[09:53:28] Starting installation — Profile: ai-dev
[09:53:28] 
[09:54:26] [WARN] docker not found (optional)
[09:54:26] [WARN] nvidia-smi not found (optional)
[09:54:26] [OK]  DRY-RUN MODE — no changes will be made
[09:54:26] Starting installation — Profile: ai-dev
[09:54:26] 
[09:54:26] ══ 01 ══ [Stage 1]
[09:54:26] [OK]  [DRY-RUN] Would execute: stage_1
[09:54:26] 
[09:54:26] ══ 02 ══ [Stage 2]
[09:54:26] [OK]  [DRY-RUN] Would execute: stage_2
[09:54:26] 
[09:54:26] ══ 03 ══ [Stage 3]
[09:54:26] [OK]  [DRY-RUN] Would execute: stage_3
[09:54:26] 
[09:54:26] ══ 04 ══ [Stage 4]
[09:54:26] [OK]  [DRY-RUN] Would execute: stage_4
[09:54:26] 
[09:54:26] ══ 05 ══ [Stage 5]
[09:54:26] [OK]  [DRY-RUN] Would execute: stage_5
[09:54:26] 
[09:54:26] ══ 06 ══ [Stage 6]
[09:54:26] [OK]  [DRY-RUN] Would execute: stage_6
[09:54:26] 
[09:54:26] ══ 07 ══ [Stage 7]
[09:54:27] [OK]  [DRY-RUN] Would execute: stage_7
[09:54:27] 
[09:54:27] ══ 08 ══ [Stage 8]
[09:54:27] [OK]  [DRY-RUN] Would execute: stage_8
[09:54:27] 
[09:54:27] ══ 09 ══ [Stage 9]
[09:54:27] [OK]  [DRY-RUN] Would execute: stage_9
[09:54:27] 
[09:54:27] ══ 10 ══ [Stage 10]
[09:54:27] [OK]  [DRY-RUN] Would execute: stage_10
[10:09:14] [WARN] docker not found (optional)
[10:09:14] [WARN] nvidia-smi not found (optional)
[10:09:14] [OK]  DRY-RUN MODE — no changes will be made
[10:09:14] Starting installation — Profile: ai-dev
[10:09:14] 
[10:09:14] ══ 01 ══ [Stage 1]
[10:09:14] [OK]  [DRY-RUN] Would execute: stage_1
[10:09:14] 
[10:09:14] ══ 02 ══ [Stage 2]
[10:09:14] [OK]  [DRY-RUN] Would execute: stage_2
[10:09:14] 
[10:09:14] ══ 03 ══ [Stage 3]
[10:09:14] [OK]  [DRY-RUN] Would execute: stage_3
[10:09:14] 
[10:09:14] ══ 04 ══ [Stage 4]
[10:09:14] [OK]  [DRY-RUN] Would execute: stage_4
[10:09:14] 
[10:09:14] ══ 05 ══ [Stage 5]
[10:09:15] [OK]  [DRY-RUN] Would execute: stage_5
[10:09:15] 
[10:09:15] ══ 06 ══ [Stage 6]
[10:09:15] [OK]  [DRY-RUN] Would execute: stage_6
[10:09:15] 
[10:09:15] ══ 07 ══ [Stage 7]
[10:09:15] [OK]  [DRY-RUN] Would execute: stage_7
[10:09:15] 
[10:09:15] ══ 08 ══ [Stage 8]
[10:09:15] [OK]  [DRY-RUN] Would execute: stage_8
[10:09:15] 
[10:09:15] ══ 09 ══ [Stage 9]
[10:09:15] [OK]  [DRY-RUN] Would execute: stage_9
[10:09:15] 
[10:09:15] ══ 10 ══ [Stage 10]
[10:09:15] [OK]  [DRY-RUN] Would execute: stage_10
[10:09:15] 
[10:09:15] ══ 11 ══ [Stage 11]
[10:09:15] [OK]  [DRY-RUN] Would execute: stage_11
[10:09:15] 
[10:09:15] ══ 12 ══ [Stage 12]
[10:09:15] [OK]  [DRY-RUN] Would execute: stage_12
[10:09:15] 
[10:09:15] ══ 13 ══ [Stage 13]
[10:09:15] [OK]  [DRY-RUN] Would execute: stage_13
[10:09:15] 
[10:09:15] ══ 14 ══ [Stage 14]
[10:09:15] [OK]  [DRY-RUN] Would execute: stage_14
[10:09:15] 
[10:09:15] ══ 15 ══ [Stage 15]
[10:09:15] [OK]  [DRY-RUN] Would execute: stage_15
[10:09:15] 
[10:09:15] ══ 16 ══ [Stage 16]
[10:09:15] [OK]  [DRY-RUN] Would execute: stage_16
[10:09:16] 
[10:09:16] ══ 17 ══ [Stage 17]
[10:09:16] [OK]  [DRY-RUN] Would execute: stage_17
[10:09:16] 
[10:09:16] ══ 18 ══ [Stage 18]
[10:09:16] [OK]  [DRY-RUN] Would execute: stage_18
[10:09:16] 
[10:09:16] ══ 19 ══ [Stage 19]
[10:09:16] [OK]  [DRY-RUN] Would execute: stage_19
[10:09:16] 
[10:09:16] ══ 20 ══ [Stage 20]
[10:09:16] [OK]  [DRY-RUN] Would execute: stage_20
[10:09:16] 
[10:09:16] ══ 21 ══ [Stage 21]
[10:09:16] [OK]  [DRY-RUN] Would execute: stage_21
[10:09:16] 
[10:09:16] ══ 22 ══ [Stage 22]
[10:09:16] [OK]  [DRY-RUN] Would execute: stage_22
[10:09:16] 
[10:09:16] ══ 23 ══ [Stage 23]
[10:09:16] [OK]  [DRY-RUN] Would execute: stage_23
[10:09:16] 
[10:09:16] ══ 24 ══ [Stage 24]
[10:09:16] [OK]  [DRY-RUN] Would execute: stage_24
[10:09:16] 
[10:09:16] ══ 25 ══ [Stage 25]
[10:09:16] [OK]  [DRY-RUN] Would execute: stage_25
[10:09:16] 
[10:09:16] ══ 26 ══ [Stage 26]
[10:09:16] [OK]  [DRY-RUN] Would execute: stage_26
[10:09:17] [OK]  Running Intent Compliance Validation...
